<?xml version="1.0" encoding="UTF-8"?>
<!-- Generated by org.testng.reporters.JUnitXMLReporter -->
<testsuite ignored="0" hostname="Chandramaulis-MacBook-Air.local" failures="1" tests="1" name="Test" time="37.916" errors="0" timestamp="2023-03-08T14:28:39 CET">
  <testcase classname="TestCaseList.TestCase" name="localHost8080API" time="37.786">
    <failure type="java.lang.AssertionError" message="The following asserts failed:
	expected [false] but found [true],
	expected [false] but found [true],
	expected [false] but found [true],
	expected [false] but found [true],
	expected [false] but found [true]">
      <![CDATA[java.lang.AssertionError: The following asserts failed:
expected [false] but found [true],
expected [false] but found [true],
expected [false] but found [true],
expected [false] but found [true],
expected [false] but found [true]
at TestCaseList.TestCase.localHost8080API(TestCase.java:40)
at java.base/java.util.ArrayList.forEach(ArrayList.java:1511)
... Removed 29 stack frames]]>
    </failure>
  </testcase> <!-- localHost8080API -->
</testsuite> <!-- Test -->
